POST /verify 404 81 - 1384.807 ms
POST /verify 404 81 - 1339.916 ms
POST /verify/getcode 200 603 - 1543.735 ms
POST /verify/getcode 200 603 - 1316.491 ms
GET /register/number/8999964722 201 20 - 202.949 ms
POST /verify 404 9 - 4.413 ms
GET /register/number/8999964722 201 20 - 99.321 ms
POST /verify/getcode 200 706 - 1294.235 ms
GET /register/number/8999964722 201 20 - 371.952 ms
POST /verify/getcode 200 603 - 1398.292 ms
POST /verify/getcode 200 706 - 1449.452 ms
GET /register/number/9014690042 201 20 - 184.471 ms
POST /verify/getcode 200 603 - 1843.867 ms
GET /register/number/8999964722 201 20 - 86.309 ms
POST /verify/getcode 200 809 - 1165.572 ms
GET /register/number/9014690041 201 20 - 79.285 ms
POST /verify/getcode 200 603 - 1541.550 ms
GET /register/number/8999964722 201 20 - 107.400 ms
POST /verify/getcode 200 603 - 1495.558 ms
POST /verify/verifycode 200 323 - 1048.862 ms
GET /register/number/8999964722 201 20 - 104.176 ms
POST /verify/getcode 200 603 - 1568.035 ms
POST /verify/verifycode 200 323 - 1394.587 ms
GET /register/number/8999964722 201 20 - 479.120 ms
POST /verify/getcode 200 706 - 1590.772 ms
POST /verify/verifycode 200 323 - 1342.323 ms
GET /register/number/8999964722 201 20 - 199.149 ms
POST /verify/getcode 200 809 - 1400.845 ms
POST /verify/verifycode 200 323 - 1422.278 ms
GET /register/number/8999964722 201 20 - 1926.603 ms
POST /verify/getcode 200 912 - 1974.881 ms
POST /verify/verifycode 200 20 - 1291.613 ms
POST /verify/verifycode 200 20 - 1321.151 ms
GET /register/number/8999964722 201 20 - 99.437 ms
POST /verify/getcode 404 81 - 1319.242 ms
GET /register/number/8999964722 201 20 - 63.981 ms
POST /verify/getcode 404 81 - 1196.876 ms
GET /register/number/8999964722 201 20 - 130.174 ms
POST /verify/getcode 200 603 - 1436.907 ms
GET /register/number/8999964722 201 20 - 85.788 ms
POST /verify/getcode 200 603 - 1458.150 ms
GET /register/number/8999964722 201 20 - 98.166 ms
POST /verify/getcode 200 706 - 1660.551 ms
POST /verify/verifycode 200 19 - 1195.243 ms
POST /verify/verifycode 200 20 - 1158.661 ms
GET /register/number/8999964722 201 20 - 154.818 ms
POST /verify/getcode 200 603 - 1193.265 ms
POST /verify/verifycode 200 20 - 1190.185 ms
POST /verify/getcode 200 603 - 1466.754 ms
POST /verify/verifycode 200 20 - 1218.240 ms
GET /register/number/8999964722 201 20 - 71.729 ms
POST /verify/getcode 200 603 - 1259.124 ms
POST /verify/verifycode 200 20 - 1040.632 ms
GET /verify 404 9 - 5.783 ms
GET /register/number/8999964722 201 20 - 96.856 ms
POST /verify/getcode 200 603 - 1473.479 ms
POST /verify/verifycode 200 20 - 1320.233 ms
GET /register/number/8999964722 201 20 - 120.015 ms
POST /verify/getcode 200 603 - 1320.607 ms
POST /verify/verifycode 200 19 - 1301.008 ms
POST /verify/verifycode 200 19 - 1343.596 ms
POST /verify/getcode 200 706 - 1205.440 ms
POST /verify/verifycode 200 20 - 1404.520 ms
GET /register/number/8999964722 201 20 - 652.424 ms
POST /verify/verifycode 200 17 - 1092.684 ms
GET /register/number/8999964722 201 20 - 390.761 ms
POST /verify/getcode 200 603 - 1144.907 ms
GET /register/number/8999964722 201 20 - 131.913 ms
POST /verify/getcode 200 706 - 1139.203 ms
POST /verify/verifycode 200 20 - 927.645 ms
GET /register/number/8999964722 201 20 - 74.373 ms
POST /verify/getcode 200 603 - 1090.695 ms
POST /verify/verifycode 200 20 - 990.513 ms
GET /register/email/aalhadakate@gmail.com 201 17 - 304.567 ms
GET /register/email/aalhadakate1@gmail.com 201 20 - 983.138 ms
POST /register/signD 201 15 - 263.293 ms
GET /register/number/9492863636 201 20 - 66.272 ms
POST /verify/getcode 200 603 - 1309.355 ms
POST /verify/verifycode 200 20 - 991.575 ms
GET /register/email/bhargav@gmail.com 201 17 - 31.830 ms
GET /register/email/bhargav123@gmail.com 201 20 - 73.034 ms
POST /register/signP 201 15 - 139.699 ms
GET /register/number/9492863636 201 17 - 63.740 ms
POST /login 200 286 - 236.248 ms
GET /patient/642412ee91d3f9a9ea8e26b6/upcoming 200 40 - 96.209 ms
GET /patient/getdoctors 200 789 - 57.866 ms
POST /patient/appointment 201 15 - 197.706 ms
GET /patient/642412ee91d3f9a9ea8e26b6/upcoming 304 - - 76.437 ms
GET /register/number/9492853636 201 17 - 386.200 ms
GET /register/number/9011553369 201 20 - 69.375 ms
POST /verify/getcode 200 603 - 1114.127 ms
GET /register/number/7569741066 201 20 - 63.198 ms
POST /verify/getcode 200 603 - 1317.195 ms
POST /verify/verifycode 200 20 - 1052.113 ms
GET /register/email/asas@sdfds.com 201 20 - 110.188 ms
POST /register/signP 201 15 - 132.651 ms
POST /login 200 284 - 131.144 ms
GET /doctors?email=undefined 404 9 - 0.938 ms
GET /doctor/642411dc91d3f9a9ea8e26af/upcoming 200 36 - 87.374 ms
POST /login 200 286 - 153.414 ms
GET /patient/642415b391d3f9a9ea8e26cb/upcoming 200 38 - 83.583 ms
GET /patient/getdoctors 200 814 - 71.493 ms
GET /patient/642415b391d3f9a9ea8e26cb/past 200 11 - 44.616 ms
GET /patient/getdoctors 200 1124 - 42.841 ms
POST /patient/appointment 201 15 - 241.254 ms
GET /patient/642415b391d3f9a9ea8e26cb/past 200 193 - 114.854 ms
GET /patient/642415b391d3f9a9ea8e26cb/upcoming 304 - - 77.779 ms
GET /patient/642415b391d3f9a9ea8e26cb/upcoming 304 - - 62.059 ms
GET /patient/642415b391d3f9a9ea8e26cb/past 304 - - 61.602 ms
GET /patient/642415b391d3f9a9ea8e26cb/past 304 - - 69.041 ms
GET /patient/642415b391d3f9a9ea8e26cb/past 304 - - 64.709 ms
GET /patient/642415b391d3f9a9ea8e26cb/past 304 - - 67.522 ms
GET /patient/642415b391d3f9a9ea8e26cb/past 304 - - 67.781 ms
GET /patient/642415b391d3f9a9ea8e26cb/past 304 - - 551.397 ms
GET /patient/642415b391d3f9a9ea8e26cb/past 304 - - 451.940 ms
GET /patient/642415b391d3f9a9ea8e26cb/past 304 - - 68.858 ms
GET /patient/642415b391d3f9a9ea8e26cb/upcoming 304 - - 65.925 ms
GET /patient/getdoctors 200 1149 - 33.385 ms
GET /patient/getdoctors 304 - - 36.846 ms
GET /patient/getdoctors 304 - - 33.014 ms
GET /patient/getdoctors 304 - - 39.318 ms
GET /patient/642415b391d3f9a9ea8e26cb/upcoming 304 - - 64.535 ms
GET /patient/getdoctors 304 - - 45.463 ms
GET /patient/getdoctors 304 - - 29.333 ms
GET /patient/getdoctors 304 - - 37.780 ms
GET /patient/getdoctors 304 - - 34.827 ms
GET /patient/getdoctors 304 - - 34.322 ms
GET /patient/getdoctors 304 - - 32.437 ms
GET /patient/getdoctors 304 - - 33.126 ms
GET /patient/getdoctors 304 - - 30.390 ms
GET /patient/getdoctors 304 - - 36.022 ms
GET /patient/getdoctors 304 - - 33.056 ms
GET /patient/getdoctors 304 - - 41.583 ms
GET /patient/getdoctors 304 - - 36.432 ms
GET /patient/getdoctors 304 - - 59.015 ms
GET /patient/642415b391d3f9a9ea8e26cb/upcoming 304 - - 69.624 ms
GET /patient/getdoctors 304 - - 32.379 ms
GET /patient/getdoctors 304 - - 334.822 ms
GET /patient/getdoctors 304 - - 38.093 ms
POST /login 200 284 - 289.513 ms
GET /doctors?email=undefined 404 9 - 3.751 ms
GET /doctor/642411dc91d3f9a9ea8e26af/upcoming 200 36 - 95.592 ms
GET /doctor/642411dc91d3f9a9ea8e26af/getschedule 200 356 - 52.734 ms
GET /doctor/642411dc91d3f9a9ea8e26af/upcoming 304 - - 102.539 ms
GET /doctor/642411dc91d3f9a9ea8e26af/upcoming 304 - - 87.338 ms
GET /doctor/642411dc91d3f9a9ea8e26af/upcoming 304 - - 104.689 ms
GET /doctor/642411dc91d3f9a9ea8e26af/upcoming 304 - - 88.442 ms
GET /doctor/642411dc91d3f9a9ea8e26af/upcoming 304 - - 96.232 ms
GET /doctor/642411dc91d3f9a9ea8e26af/upcoming 304 - - 72.515 ms
GET /doctor/642411dc91d3f9a9ea8e26af/upcoming 304 - - 82.007 ms
GET /doctor/642411dc91d3f9a9ea8e26af/upcoming 304 - - 74.506 ms
GET /doctor/642411dc91d3f9a9ea8e26af/getschedule 304 - - 41.195 ms
POST /doctor/642411dc91d3f9a9ea8e26af/updateschedule 200 2 - 123.832 ms
GET /doctors?email=undefined 404 9 - 1.792 ms
GET /doctor/642411dc91d3f9a9ea8e26af/upcoming 304 - - 85.963 ms
POST /login 200 286 - 255.073 ms
GET /patient/642412ee91d3f9a9ea8e26b6/upcoming 200 40 - 111.265 ms
GET /patient/getdoctors 200 1150 - 38.668 ms
GET /patient/getdoctors 304 - - 51.796 ms
GET /patient/642412ee91d3f9a9ea8e26b6/upcoming 304 - - 76.647 ms
GET /patient/getdoctors 304 - - 42.186 ms
GET /patient/getdoctors 304 - - 57.088 ms
GET /patient/getdoctors 304 - - 40.130 ms
GET /patient/getdoctors 304 - - 45.767 ms
GET /patient/getdoctors 304 - - 44.568 ms
POST /login 400 11 - 35.045 ms
POST /login 200 281 - 399.388 ms
GET /admin/queries 304 - - 81.290 ms
GET /admin/doctors 200 14 - 68.283 ms
GET /admin/verifieddoctors 304 - - 82.222 ms
GET /admin/patients 200 15 - 69.485 ms
GET /admin/doctors 403 9 - 1.233 ms
GET /admin/patients 403 9 - 0.595 ms
GET /admin/queries 403 9 - 1.309 ms
GET /admin/verifieddoctors 304 - - 49.018 ms
GET /admin/patients 200 15 - 46.601 ms
GET /admin/doctors 200 14 - 63.726 ms
GET /admin/queries 200 286 - 70.326 ms
GET /register/number/8999964722 201 20 - 378.380 ms
POST /verify/getcode 404 81 - 1841.695 ms
GET /register/number/8999964722 201 20 - 119.046 ms
POST /verify/getcode 404 81 - 1242.771 ms
GET /register/number/8999964722 201 20 - 111.156 ms
POST /verify/getcode 404 81 - 1371.694 ms
GET /register/number/8999964722 201 20 - 95.038 ms
POST /verify/getcode 200 603 - 1538.021 ms
POST /verify/verifycode 200 20 - 1421.897 ms
GET /register/email/aalhadakate@gmail.com 201 20 - 130.664 ms
POST /register/signP 201 15 - 281.899 ms
POST /login 200 286 - 238.217 ms
GET /patient/6426b5871069b8858ddb9e60/upcoming 200 36 - 94.303 ms
GET /patient/6426b5871069b8858ddb9e60/getinfo 200 322 - 61.446 ms
GET /patient/getdoctors 200 2 - 97.437 ms
GET /patient/6426b5871069b8858ddb9e60/upcoming 304 - - 113.154 ms
GET /patient/6426b5871069b8858ddb9e60/past 200 11 - 59.015 ms
GET /patient/getdoctors 304 - - 43.611 ms
GET /register/number/9492863636 201 20 - 158.597 ms
POST /verify/getcode 200 603 - 1512.614 ms
POST /verify/verifycode 200 20 - 981.755 ms
GET /register/email/bhargav@gmail.com 201 20 - 72.606 ms
POST /register/signD 201 15 - 275.296 ms
GET /register/number/6366351616 201 20 - 80.970 ms
POST /verify/getcode 200 603 - 1342.139 ms
POST /verify/verifycode 200 20 - 1315.731 ms
GET /register/email/amal@gmail.com 201 20 - 139.805 ms
POST /register/signD 201 15 - 513.511 ms
